<?xml version="1.0" encoding="UTF-8"?>
<!-- Generated by org.testng.reporters.JUnitReportReporter -->
<testsuite skipped="0" hostname="DESKTOP-6C5IDS7" name="com.api_testing.ApiDup" tests="1" failures="0" timestamp="2022-05-01T23:18:35 IST" time="1.907" errors="0">
  <testcase name="post_Req" time="1.907" classname="com.api_testing.ApiDup"/>
  <system-out/>
</testsuite> <!-- com.api_testing.ApiDup -->
